<?xml version="1.0" encoding="UTF-8"?>
<!-- Generated by org.testng.reporters.JUnitXMLReporter -->
<testsuite hostname="MT-5CD122JR0C" ignored="0" name="Test1" tests="1" failures="1" timestamp="2021-11-22T15:08:42 IST" time="14.9" errors="0">
  <testcase name="Loginpage" time="14.746" classname="com.comprehensive.testCases.LoginTest">
    <failure type="java.lang.AssertionError" message="expected [Account– Bigsmall.in] but found [Challenge– Bigsmall.in]">
      <![CDATA[java.lang.AssertionError: expected [Account– Bigsmall.in] but found [Challenge– Bigsmall.in]
at com.comprehensive.testCases.LoginTest.Loginpage(LoginTest.java:71)
at java.util.ArrayList.forEach(ArrayList.java:1259)
... Removed 33 stack frames]]>
    </failure>
  </testcase> <!-- Loginpage -->
</testsuite> <!-- Test1 -->
